<?xml version="1.0" encoding="UTF-8"?>
<testsuite xmlns:xsi="http://www.w3.org/2001/XMLSchema-instance" xsi:noNamespaceSchemaLocation="https://maven.apache.org/surefire/maven-surefire-plugin/xsd/surefire-test-report-3.0.xsd" version="3.0" name="TestSuite" time="15.333" tests="10" errors="0" skipped="0" failures="0">
  <properties>
    <property name="java.specification.version" value="22"/>
    <property name="sun.cpu.isalist" value="amd64"/>
    <property name="sun.jnu.encoding" value="Cp1252"/>
    <property name="java.class.path" value="C:\Users\sunil\eclipse-workspace\RestAssured_PetStore_Automation\target\test-classes;C:\Users\sunil\eclipse-workspace\RestAssured_PetStore_Automation\target\classes;C:\Users\sunil\.m2\repository\io\rest-assured\json-path\5.5.0\json-path-5.5.0.jar;C:\Users\sunil\.m2\repository\org\apache\groovy\groovy-json\4.0.22\groovy-json-4.0.22.jar;C:\Users\sunil\.m2\repository\org\apache\groovy\groovy\4.0.22\groovy-4.0.22.jar;C:\Users\sunil\.m2\repository\io\rest-assured\rest-assured-common\5.5.0\rest-assured-common-5.5.0.jar;C:\Users\sunil\.m2\repository\io\rest-assured\json-schema-validator\5.5.0\json-schema-validator-5.5.0.jar;C:\Users\sunil\.m2\repository\com\github\java-json-tools\json-schema-validator\2.2.14\json-schema-validator-2.2.14.jar;C:\Users\sunil\.m2\repository\com\github\java-json-tools\jackson-coreutils-equivalence\1.0\jackson-coreutils-equivalence-1.0.jar;C:\Users\sunil\.m2\repository\com\github\java-json-tools\jackson-coreutils\2.0\jackson-coreutils-2.0.jar;C:\Users\sunil\.m2\repository\com\github\java-json-tools\msg-simple\1.2\msg-simple-1.2.jar;C:\Users\sunil\.m2\repository\com\github\java-json-tools\btf\1.3\btf-1.3.jar;C:\Users\sunil\.m2\repository\com\github\java-json-tools\json-schema-core\1.2.14\json-schema-core-1.2.14.jar;C:\Users\sunil\.m2\repository\com\github\java-json-tools\uri-template\0.10\uri-template-0.10.jar;C:\Users\sunil\.m2\repository\org\mozilla\rhino\1.7.7.2\rhino-1.7.7.2.jar;C:\Users\sunil\.m2\repository\com\sun\mail\mailapi\1.6.2\mailapi-1.6.2.jar;C:\Users\sunil\.m2\repository\joda-time\joda-time\2.10.5\joda-time-2.10.5.jar;C:\Users\sunil\.m2\repository\com\googlecode\libphonenumber\libphonenumber\8.11.1\libphonenumber-8.11.1.jar;C:\Users\sunil\.m2\repository\com\google\code\findbugs\jsr305\3.0.2\jsr305-3.0.2.jar;C:\Users\sunil\.m2\repository\net\sf\jopt-simple\jopt-simple\5.0.4\jopt-simple-5.0.4.jar;C:\Users\sunil\.m2\repository\com\google\guava\guava\33.2.1-jre\guava-33.2.1-jre.jar;C:\Users\sunil\.m2\repository\com\google\guava\failureaccess\1.0.2\failureaccess-1.0.2.jar;C:\Users\sunil\.m2\repository\com\google\guava\listenablefuture\9999.0-empty-to-avoid-conflict-with-guava\listenablefuture-9999.0-empty-to-avoid-conflict-with-guava.jar;C:\Users\sunil\.m2\repository\org\checkerframework\checker-qual\3.42.0\checker-qual-3.42.0.jar;C:\Users\sunil\.m2\repository\com\google\errorprone\error_prone_annotations\2.26.1\error_prone_annotations-2.26.1.jar;C:\Users\sunil\.m2\repository\com\google\j2objc\j2objc-annotations\3.0.0\j2objc-annotations-3.0.0.jar;C:\Users\sunil\.m2\repository\org\hamcrest\hamcrest\2.2\hamcrest-2.2.jar;C:\Users\sunil\.m2\repository\org\json\json\20240303\json-20240303.jar;C:\Users\sunil\.m2\repository\org\testng\testng\7.10.2\testng-7.10.2.jar;C:\Users\sunil\.m2\repository\org\slf4j\slf4j-api\1.7.36\slf4j-api-1.7.36.jar;C:\Users\sunil\.m2\repository\com\beust\jcommander\1.82\jcommander-1.82.jar;C:\Users\sunil\.m2\repository\org\webjars\jquery\3.7.1\jquery-3.7.1.jar;C:\Users\sunil\.m2\repository\com\github\scribejava\scribejava-apis\8.3.3\scribejava-apis-8.3.3.jar;C:\Users\sunil\.m2\repository\com\github\scribejava\scribejava-core\8.3.3\scribejava-core-8.3.3.jar;C:\Users\sunil\.m2\repository\com\github\scribejava\scribejava-java8\8.3.3\scribejava-java8-8.3.3.jar;C:\Users\sunil\.m2\repository\com\fasterxml\jackson\core\jackson-databind\2.14.0\jackson-databind-2.14.0.jar;C:\Users\sunil\.m2\repository\com\fasterxml\jackson\core\jackson-annotations\2.14.0\jackson-annotations-2.14.0.jar;C:\Users\sunil\.m2\repository\com\fasterxml\jackson\core\jackson-core\2.14.0\jackson-core-2.14.0.jar;C:\Users\sunil\.m2\repository\io\rest-assured\spring-mock-mvc\5.5.0\spring-mock-mvc-5.5.0.jar;C:\Users\sunil\.m2\repository\io\rest-assured\rest-assured\5.5.0\rest-assured-5.5.0.jar;C:\Users\sunil\.m2\repository\org\apache\httpcomponents\httpclient\4.5.13\httpclient-4.5.13.jar;C:\Users\sunil\.m2\repository\org\apache\httpcomponents\httpcore\4.4.13\httpcore-4.4.13.jar;C:\Users\sunil\.m2\repository\org\apache\httpcomponents\httpmime\4.5.13\httpmime-4.5.13.jar;C:\Users\sunil\.m2\repository\io\rest-assured\spring-commons\5.5.0\spring-commons-5.5.0.jar;C:\Users\sunil\.m2\repository\org\springframework\spring-test\5.1.13.RELEASE\spring-test-5.1.13.RELEASE.jar;C:\Users\sunil\.m2\repository\org\springframework\spring-core\5.1.13.RELEASE\spring-core-5.1.13.RELEASE.jar;C:\Users\sunil\.m2\repository\org\springframework\spring-jcl\5.1.13.RELEASE\spring-jcl-5.1.13.RELEASE.jar;C:\Users\sunil\.m2\repository\org\springframework\spring-webmvc\5.1.13.RELEASE\spring-webmvc-5.1.13.RELEASE.jar;C:\Users\sunil\.m2\repository\org\springframework\spring-aop\5.1.13.RELEASE\spring-aop-5.1.13.RELEASE.jar;C:\Users\sunil\.m2\repository\org\springframework\spring-beans\5.1.13.RELEASE\spring-beans-5.1.13.RELEASE.jar;C:\Users\sunil\.m2\repository\org\springframework\spring-context\5.1.13.RELEASE\spring-context-5.1.13.RELEASE.jar;C:\Users\sunil\.m2\repository\org\springframework\spring-expression\5.1.13.RELEASE\spring-expression-5.1.13.RELEASE.jar;C:\Users\sunil\.m2\repository\org\springframework\spring-web\5.1.13.RELEASE\spring-web-5.1.13.RELEASE.jar;C:\Users\sunil\.m2\repository\io\rest-assured\xml-path\5.5.0\xml-path-5.5.0.jar;C:\Users\sunil\.m2\repository\org\apache\groovy\groovy-xml\4.0.22\groovy-xml-4.0.22.jar;C:\Users\sunil\.m2\repository\org\apache\commons\commons-lang3\3.11\commons-lang3-3.11.jar;C:\Users\sunil\.m2\repository\org\ccil\cowan\tagsoup\tagsoup\1.2.1\tagsoup-1.2.1.jar;C:\Users\sunil\.m2\repository\org\apache\logging\log4j\log4j-core\2.17.1\log4j-core-2.17.1.jar;C:\Users\sunil\.m2\repository\com\github\javafaker\javafaker\1.0.2\javafaker-1.0.2.jar;C:\Users\sunil\.m2\repository\org\yaml\snakeyaml\1.23\snakeyaml-1.23-android.jar;C:\Users\sunil\.m2\repository\com\github\mifmif\generex\1.0.2\generex-1.0.2.jar;C:\Users\sunil\.m2\repository\dk\brics\automaton\automaton\1.11-8\automaton-1.11-8.jar;C:\Users\sunil\.m2\repository\com\aventstack\extentreports\5.0.9\extentreports-5.0.9.jar;C:\Users\sunil\.m2\repository\io\reactivex\rxjava3\rxjava\3.0.4\rxjava-3.0.4.jar;C:\Users\sunil\.m2\repository\org\reactivestreams\reactive-streams\1.0.3\reactive-streams-1.0.3.jar;C:\Users\sunil\.m2\repository\org\freemarker\freemarker\2.3.30\freemarker-2.3.30.jar;C:\Users\sunil\.m2\repository\org\projectlombok\lombok\1.18.12\lombok-1.18.12.jar;C:\Users\sunil\.m2\repository\com\google\code\gson\gson\2.8.6\gson-2.8.6.jar;C:\Users\sunil\.m2\repository\org\apache\poi\poi\5.2.2\poi-5.2.2.jar;C:\Users\sunil\.m2\repository\commons-codec\commons-codec\1.15\commons-codec-1.15.jar;C:\Users\sunil\.m2\repository\org\apache\commons\commons-collections4\4.4\commons-collections4-4.4.jar;C:\Users\sunil\.m2\repository\org\apache\commons\commons-math3\3.6.1\commons-math3-3.6.1.jar;C:\Users\sunil\.m2\repository\commons-io\commons-io\2.11.0\commons-io-2.11.0.jar;C:\Users\sunil\.m2\repository\com\zaxxer\SparseBitSet\1.2\SparseBitSet-1.2.jar;C:\Users\sunil\.m2\repository\org\apache\poi\poi-ooxml\5.2.2\poi-ooxml-5.2.2.jar;C:\Users\sunil\.m2\repository\org\apache\poi\poi-ooxml-lite\5.2.2\poi-ooxml-lite-5.2.2.jar;C:\Users\sunil\.m2\repository\org\apache\commons\commons-compress\1.21\commons-compress-1.21.jar;C:\Users\sunil\.m2\repository\com\github\virtuald\curvesapi\1.07\curvesapi-1.07.jar;C:\Users\sunil\.m2\repository\org\apache\poi\poi-ooxml-schemas\4.1.2\poi-ooxml-schemas-4.1.2.jar;C:\Users\sunil\.m2\repository\org\apache\xmlbeans\xmlbeans\5.1.1\xmlbeans-5.1.1.jar;C:\Users\sunil\.m2\repository\org\apache\logging\log4j\log4j-api\2.17.1\log4j-api-2.17.1.jar;"/>
    <property name="java.vm.vendor" value="Oracle Corporation"/>
    <property name="sun.arch.data.model" value="64"/>
    <property name="user.variant" value=""/>
    <property name="java.vendor.url" value="https://java.oracle.com/"/>
    <property name="user.timezone" value="Europe/London"/>
    <property name="os.name" value="Windows 10"/>
    <property name="java.vm.specification.version" value="22"/>
    <property name="sun.java.launcher" value="SUN_STANDARD"/>
    <property name="user.country" value="GB"/>
    <property name="sun.boot.library.path" value="C:\Program Files\Java\jdk-22\bin"/>
    <property name="sun.java.command" value="C:\Users\sunil\AppData\Local\Temp\surefire10448943718865228810\surefirebooter-20240930130903116_3.jar C:\Users\sunil\AppData\Local\Temp\surefire10448943718865228810 2024-09-30T13-09-02_485-jvmRun1 surefire-20240930130903116_1tmp surefire_0-20240930130903116_2tmp"/>
    <property name="jdk.debug" value="release"/>
    <property name="surefire.test.class.path" value="C:\Users\sunil\eclipse-workspace\RestAssured_PetStore_Automation\target\test-classes;C:\Users\sunil\eclipse-workspace\RestAssured_PetStore_Automation\target\classes;C:\Users\sunil\.m2\repository\io\rest-assured\json-path\5.5.0\json-path-5.5.0.jar;C:\Users\sunil\.m2\repository\org\apache\groovy\groovy-json\4.0.22\groovy-json-4.0.22.jar;C:\Users\sunil\.m2\repository\org\apache\groovy\groovy\4.0.22\groovy-4.0.22.jar;C:\Users\sunil\.m2\repository\io\rest-assured\rest-assured-common\5.5.0\rest-assured-common-5.5.0.jar;C:\Users\sunil\.m2\repository\io\rest-assured\json-schema-validator\5.5.0\json-schema-validator-5.5.0.jar;C:\Users\sunil\.m2\repository\com\github\java-json-tools\json-schema-validator\2.2.14\json-schema-validator-2.2.14.jar;C:\Users\sunil\.m2\repository\com\github\java-json-tools\jackson-coreutils-equivalence\1.0\jackson-coreutils-equivalence-1.0.jar;C:\Users\sunil\.m2\repository\com\github\java-json-tools\jackson-coreutils\2.0\jackson-coreutils-2.0.jar;C:\Users\sunil\.m2\repository\com\github\java-json-tools\msg-simple\1.2\msg-simple-1.2.jar;C:\Users\sunil\.m2\repository\com\github\java-json-tools\btf\1.3\btf-1.3.jar;C:\Users\sunil\.m2\repository\com\github\java-json-tools\json-schema-core\1.2.14\json-schema-core-1.2.14.jar;C:\Users\sunil\.m2\repository\com\github\java-json-tools\uri-template\0.10\uri-template-0.10.jar;C:\Users\sunil\.m2\repository\org\mozilla\rhino\1.7.7.2\rhino-1.7.7.2.jar;C:\Users\sunil\.m2\repository\com\sun\mail\mailapi\1.6.2\mailapi-1.6.2.jar;C:\Users\sunil\.m2\repository\joda-time\joda-time\2.10.5\joda-time-2.10.5.jar;C:\Users\sunil\.m2\repository\com\googlecode\libphonenumber\libphonenumber\8.11.1\libphonenumber-8.11.1.jar;C:\Users\sunil\.m2\repository\com\google\code\findbugs\jsr305\3.0.2\jsr305-3.0.2.jar;C:\Users\sunil\.m2\repository\net\sf\jopt-simple\jopt-simple\5.0.4\jopt-simple-5.0.4.jar;C:\Users\sunil\.m2\repository\com\google\guava\guava\33.2.1-jre\guava-33.2.1-jre.jar;C:\Users\sunil\.m2\repository\com\google\guava\failureaccess\1.0.2\failureaccess-1.0.2.jar;C:\Users\sunil\.m2\repository\com\google\guava\listenablefuture\9999.0-empty-to-avoid-conflict-with-guava\listenablefuture-9999.0-empty-to-avoid-conflict-with-guava.jar;C:\Users\sunil\.m2\repository\org\checkerframework\checker-qual\3.42.0\checker-qual-3.42.0.jar;C:\Users\sunil\.m2\repository\com\google\errorprone\error_prone_annotations\2.26.1\error_prone_annotations-2.26.1.jar;C:\Users\sunil\.m2\repository\com\google\j2objc\j2objc-annotations\3.0.0\j2objc-annotations-3.0.0.jar;C:\Users\sunil\.m2\repository\org\hamcrest\hamcrest\2.2\hamcrest-2.2.jar;C:\Users\sunil\.m2\repository\org\json\json\20240303\json-20240303.jar;C:\Users\sunil\.m2\repository\org\testng\testng\7.10.2\testng-7.10.2.jar;C:\Users\sunil\.m2\repository\org\slf4j\slf4j-api\1.7.36\slf4j-api-1.7.36.jar;C:\Users\sunil\.m2\repository\com\beust\jcommander\1.82\jcommander-1.82.jar;C:\Users\sunil\.m2\repository\org\webjars\jquery\3.7.1\jquery-3.7.1.jar;C:\Users\sunil\.m2\repository\com\github\scribejava\scribejava-apis\8.3.3\scribejava-apis-8.3.3.jar;C:\Users\sunil\.m2\repository\com\github\scribejava\scribejava-core\8.3.3\scribejava-core-8.3.3.jar;C:\Users\sunil\.m2\repository\com\github\scribejava\scribejava-java8\8.3.3\scribejava-java8-8.3.3.jar;C:\Users\sunil\.m2\repository\com\fasterxml\jackson\core\jackson-databind\2.14.0\jackson-databind-2.14.0.jar;C:\Users\sunil\.m2\repository\com\fasterxml\jackson\core\jackson-annotations\2.14.0\jackson-annotations-2.14.0.jar;C:\Users\sunil\.m2\repository\com\fasterxml\jackson\core\jackson-core\2.14.0\jackson-core-2.14.0.jar;C:\Users\sunil\.m2\repository\io\rest-assured\spring-mock-mvc\5.5.0\spring-mock-mvc-5.5.0.jar;C:\Users\sunil\.m2\repository\io\rest-assured\rest-assured\5.5.0\rest-assured-5.5.0.jar;C:\Users\sunil\.m2\repository\org\apache\httpcomponents\httpclient\4.5.13\httpclient-4.5.13.jar;C:\Users\sunil\.m2\repository\org\apache\httpcomponents\httpcore\4.4.13\httpcore-4.4.13.jar;C:\Users\sunil\.m2\repository\org\apache\httpcomponents\httpmime\4.5.13\httpmime-4.5.13.jar;C:\Users\sunil\.m2\repository\io\rest-assured\spring-commons\5.5.0\spring-commons-5.5.0.jar;C:\Users\sunil\.m2\repository\org\springframework\spring-test\5.1.13.RELEASE\spring-test-5.1.13.RELEASE.jar;C:\Users\sunil\.m2\repository\org\springframework\spring-core\5.1.13.RELEASE\spring-core-5.1.13.RELEASE.jar;C:\Users\sunil\.m2\repository\org\springframework\spring-jcl\5.1.13.RELEASE\spring-jcl-5.1.13.RELEASE.jar;C:\Users\sunil\.m2\repository\org\springframework\spring-webmvc\5.1.13.RELEASE\spring-webmvc-5.1.13.RELEASE.jar;C:\Users\sunil\.m2\repository\org\springframework\spring-aop\5.1.13.RELEASE\spring-aop-5.1.13.RELEASE.jar;C:\Users\sunil\.m2\repository\org\springframework\spring-beans\5.1.13.RELEASE\spring-beans-5.1.13.RELEASE.jar;C:\Users\sunil\.m2\repository\org\springframework\spring-context\5.1.13.RELEASE\spring-context-5.1.13.RELEASE.jar;C:\Users\sunil\.m2\repository\org\springframework\spring-expression\5.1.13.RELEASE\spring-expression-5.1.13.RELEASE.jar;C:\Users\sunil\.m2\repository\org\springframework\spring-web\5.1.13.RELEASE\spring-web-5.1.13.RELEASE.jar;C:\Users\sunil\.m2\repository\io\rest-assured\xml-path\5.5.0\xml-path-5.5.0.jar;C:\Users\sunil\.m2\repository\org\apache\groovy\groovy-xml\4.0.22\groovy-xml-4.0.22.jar;C:\Users\sunil\.m2\repository\org\apache\commons\commons-lang3\3.11\commons-lang3-3.11.jar;C:\Users\sunil\.m2\repository\org\ccil\cowan\tagsoup\tagsoup\1.2.1\tagsoup-1.2.1.jar;C:\Users\sunil\.m2\repository\org\apache\logging\log4j\log4j-core\2.17.1\log4j-core-2.17.1.jar;C:\Users\sunil\.m2\repository\com\github\javafaker\javafaker\1.0.2\javafaker-1.0.2.jar;C:\Users\sunil\.m2\repository\org\yaml\snakeyaml\1.23\snakeyaml-1.23-android.jar;C:\Users\sunil\.m2\repository\com\github\mifmif\generex\1.0.2\generex-1.0.2.jar;C:\Users\sunil\.m2\repository\dk\brics\automaton\automaton\1.11-8\automaton-1.11-8.jar;C:\Users\sunil\.m2\repository\com\aventstack\extentreports\5.0.9\extentreports-5.0.9.jar;C:\Users\sunil\.m2\repository\io\reactivex\rxjava3\rxjava\3.0.4\rxjava-3.0.4.jar;C:\Users\sunil\.m2\repository\org\reactivestreams\reactive-streams\1.0.3\reactive-streams-1.0.3.jar;C:\Users\sunil\.m2\repository\org\freemarker\freemarker\2.3.30\freemarker-2.3.30.jar;C:\Users\sunil\.m2\repository\org\projectlombok\lombok\1.18.12\lombok-1.18.12.jar;C:\Users\sunil\.m2\repository\com\google\code\gson\gson\2.8.6\gson-2.8.6.jar;C:\Users\sunil\.m2\repository\org\apache\poi\poi\5.2.2\poi-5.2.2.jar;C:\Users\sunil\.m2\repository\commons-codec\commons-codec\1.15\commons-codec-1.15.jar;C:\Users\sunil\.m2\repository\org\apache\commons\commons-collections4\4.4\commons-collections4-4.4.jar;C:\Users\sunil\.m2\repository\org\apache\commons\commons-math3\3.6.1\commons-math3-3.6.1.jar;C:\Users\sunil\.m2\repository\commons-io\commons-io\2.11.0\commons-io-2.11.0.jar;C:\Users\sunil\.m2\repository\com\zaxxer\SparseBitSet\1.2\SparseBitSet-1.2.jar;C:\Users\sunil\.m2\repository\org\apache\poi\poi-ooxml\5.2.2\poi-ooxml-5.2.2.jar;C:\Users\sunil\.m2\repository\org\apache\poi\poi-ooxml-lite\5.2.2\poi-ooxml-lite-5.2.2.jar;C:\Users\sunil\.m2\repository\org\apache\commons\commons-compress\1.21\commons-compress-1.21.jar;C:\Users\sunil\.m2\repository\com\github\virtuald\curvesapi\1.07\curvesapi-1.07.jar;C:\Users\sunil\.m2\repository\org\apache\poi\poi-ooxml-schemas\4.1.2\poi-ooxml-schemas-4.1.2.jar;C:\Users\sunil\.m2\repository\org\apache\xmlbeans\xmlbeans\5.1.1\xmlbeans-5.1.1.jar;C:\Users\sunil\.m2\repository\org\apache\logging\log4j\log4j-api\2.17.1\log4j-api-2.17.1.jar;"/>
    <property name="sun.cpu.endian" value="little"/>
    <property name="user.home" value="C:\Users\sunil"/>
    <property name="user.language" value="en"/>
    <property name="java.specification.vendor" value="Oracle Corporation"/>
    <property name="java.version.date" value="2024-04-16"/>
    <property name="java.home" value="C:\Program Files\Java\jdk-22"/>
    <property name="file.separator" value="\"/>
    <property name="basedir" value="C:\Users\sunil\eclipse-workspace\RestAssured_PetStore_Automation"/>
    <property name="java.vm.compressedOopsMode" value="32-bit"/>
    <property name="line.separator" value="&#10;"/>
    <property name="java.vm.specification.vendor" value="Oracle Corporation"/>
    <property name="java.specification.name" value="Java Platform API Specification"/>
    <property name="surefire.real.class.path" value="C:\Users\sunil\AppData\Local\Temp\surefire10448943718865228810\surefirebooter-20240930130903116_3.jar"/>
    <property name="user.script" value=""/>
    <property name="sun.management.compiler" value="HotSpot 64-Bit Tiered Compilers"/>
    <property name="java.runtime.version" value="22.0.1+8-16"/>
    <property name="user.name" value="sunil"/>
    <property name="stdout.encoding" value="Cp1252"/>
    <property name="path.separator" value=";"/>
    <property name="os.version" value="10.0"/>
    <property name="java.runtime.name" value="Java(TM) SE Runtime Environment"/>
    <property name="file.encoding" value="UTF-8"/>
    <property name="java.vm.name" value="Java HotSpot(TM) 64-Bit Server VM"/>
    <property name="localRepository" value="C:\Users\sunil\.m2\repository"/>
    <property name="java.vendor.url.bug" value="https://bugreport.java.com/bugreport/"/>
    <property name="java.io.tmpdir" value="C:\Users\sunil\AppData\Local\Temp\"/>
    <property name="java.version" value="22.0.1"/>
    <property name="user.dir" value="C:\Users\sunil\eclipse-workspace\RestAssured_PetStore_Automation"/>
    <property name="os.arch" value="amd64"/>
    <property name="java.vm.specification.name" value="Java Virtual Machine Specification"/>
    <property name="sun.os.patch.level" value=""/>
    <property name="native.encoding" value="Cp1252"/>
    <property name="java.library.path" value="C:\Program Files\Java\jdk-22\bin;C:\WINDOWS\Sun\Java\bin;C:\WINDOWS\system32;C:\WINDOWS;C:\Program Files\Git\cmd;C:\Program Files\Common Files\Oracle\Java\javapath;C:\Windows\system32;C:\Windows;C:\Windows\System32\Wbem;C:\Windows\System32\WindowsPowerShell\v1.0\;C:\Windows\System32\OpenSSH\;C:\Program Files (x86)\NVIDIA Corporation\PhysX\Common;C:\Program Files\NVIDIA Corporation\NVIDIA NvDLISR;C:\Program Files\Intel\WiFi\bin\;C:\Program Files\Common Files\Intel\WirelessCommon\;C:\WINDOWS\system32;C:\WINDOWS;C:\WINDOWS\System32\Wbem;C:\WINDOWS\System32\WindowsPowerShell\v1.0\;C:\WINDOWS\System32\OpenSSH\;C:\ProgramData\chocolatey\bin;C:\Program Files\Git\cmd;C:\Program Files\Git\mingw64\bin;C:\Program Files\Git\usr\bin;C:\Program Files\Java\jdk-22\bin;C:\Users\sunil\AppData\Roaming\nvm;C:\Program Files\nodejs;C:\Users\sunil\apache-maven-3.9.9\bin;;C:\apache-jmeter-5.6.3\apache-jmeter-5.6.3\bin;C:\Program Files\MySQL\MySQL Shell 9.0\bin\;C:\Users\sunil\AppData\Local\Microsoft\WindowsApps;E:\Microsoft VS Code\bin;C:\Users\sunil\AppData\Local\Programs\Microsoft VS Code\bin;C:\Users\sunil\AppData\Roaming\npm;C:\Program Files\JetBrains\IntelliJ IDEA 2024.1.4\bin;;C:\Users\sunil\AppData\Roaming\nvm;C:\Program Files\nodejs;."/>
    <property name="java.vm.info" value="mixed mode, sharing"/>
    <property name="stderr.encoding" value="Cp1252"/>
    <property name="java.vendor" value="Oracle Corporation"/>
    <property name="java.vm.version" value="22.0.1+8-16"/>
    <property name="sun.io.unicode.encoding" value="UnicodeLittle"/>
    <property name="java.class.version" value="66.0"/>
  </properties>
  <testcase name="testPostUser" classname="api.TestCases.UserTests2" time="4.679">
    <system-out><![CDATA[2024-09-30 13:09:06,652 main ERROR appender File has no parameter that matches element Policies
2024-09-30 13:09:07.041 [main] INFO 
			api.TestCases.UserTests2 - ***********************Create a User***********************
HTTP/1.1 200 OK
Date: Mon, 30 Sep 2024 12:09:11 GMT
Content-Type: application/json
Transfer-Encoding: chunked
Connection: keep-alive
Access-Control-Allow-Origin: *
Access-Control-Allow-Methods: GET, POST, DELETE, PUT
Access-Control-Allow-Headers: Content-Type, api_key, Authorization
Server: Jetty(9.2.9.v20150224)

{
    "code": 200,
    "type": "unknown",
    "message": "313082880"
}
2024-09-30 13:09:11.677 [main] INFO 
			api.TestCases.UserTests2 - ***********************User is Created***********************
]]></system-out>
    <system-err><![CDATA[SLF4J: Failed to load class "org.slf4j.impl.StaticLoggerBinder".
SLF4J: Defaulting to no-operation (NOP) logger implementation
SLF4J: See http://www.slf4j.org/codes.html#StaticLoggerBinder for further details.
]]></system-err>
  </testcase>
  <testcase name="testGetUserByName" classname="api.TestCases.UserTests2" time="0.53">
    <system-out><![CDATA[2024-09-30 13:09:11.690 [main] INFO 
			api.TestCases.UserTests2 - ***********************Read a User***********************
HTTP/1.1 200 OK
Date: Mon, 30 Sep 2024 12:09:11 GMT
Content-Type: application/json
Transfer-Encoding: chunked
Connection: keep-alive
Access-Control-Allow-Origin: *
Access-Control-Allow-Methods: GET, POST, DELETE, PUT
Access-Control-Allow-Headers: Content-Type, api_key, Authorization
Server: Jetty(9.2.9.v20150224)

{
    "id": 313082880,
    "username": "Donny Schultz",
    "firstName": "Lady",
    "lastName": "Hirthe",
    "email": "dyan.connelly@yahoo.com",
    "password": "cjp3exs7r",
    "phone": "(656) 714-8309",
    "userStatus": 0
}
2024-09-30 13:09:12.192 [main] INFO 
			api.TestCases.UserTests2 - ***********************Displayed the user***********************
]]></system-out>
  </testcase>
  <testcase name="testUpdateUserByName" classname="api.TestCases.UserTests2" time="0.921">
    <system-out><![CDATA[2024-09-30 13:09:12.206 [main] INFO 
			api.TestCases.UserTests2 - ***********************Update a User***********************
{
    "code": 200,
    "type": "unknown",
    "message": "313082880"
}
{
    "id": 313082880,
    "username": "Donny Schultz",
    "firstName": "Tracey",
    "lastName": "Swift",
    "email": "carol.wyman@example.com",
    "password": "cjp3exs7r",
    "phone": "(656) 714-8309",
    "userStatus": 0
}
2024-09-30 13:09:13.125 [main] INFO 
			api.TestCases.UserTests2 - ***********************User is updated***********************
]]></system-out>
  </testcase>
  <testcase name="testdeleteUserByName" classname="api.TestCases.UserTests2" time="0.456">
    <system-out><![CDATA[2024-09-30 13:09:13.132 [main] INFO 
			api.TestCases.UserTests2 - ***********************Delete a User***********************
HTTP/1.1 200 OK
Date: Mon, 30 Sep 2024 12:09:13 GMT
Content-Type: application/json
Transfer-Encoding: chunked
Connection: keep-alive
Access-Control-Allow-Origin: *
Access-Control-Allow-Methods: GET, POST, DELETE, PUT
Access-Control-Allow-Headers: Content-Type, api_key, Authorization
Server: Jetty(9.2.9.v20150224)

{
    "code": 200,
    "type": "unknown",
    "message": "Donny Schultz"
}
2024-09-30 13:09:13.573 [main] INFO 
			api.TestCases.UserTests2 - ***********************User is Deleted***********************
]]></system-out>
  </testcase>
  <testcase name="testPostUser[0, rambo1233fadd, alpha, Doe, jdoe@example.com, pass123, 123-456-7890](1)" classname="api.TestCases.DataDrivenTests" time="0.486">
    <system-out><![CDATA[HTTP/1.1 200 OK
Date: Mon, 30 Sep 2024 12:09:15 GMT
Content-Type: application/json
Transfer-Encoding: chunked
Connection: keep-alive
Access-Control-Allow-Origin: *
Access-Control-Allow-Methods: GET, POST, DELETE, PUT
Access-Control-Allow-Headers: Content-Type, api_key, Authorization
Server: Jetty(9.2.9.v20150224)

{
    "code": 200,
    "type": "unknown",
    "message": "9223372036854764216"
}
]]></system-out>
  </testcase>
  <testcase name="testPostUser[0, rambo23awerasdfasd, romeo, Smith, asmith@example.com, alicepass, 987-654-3210](2)" classname="api.TestCases.DataDrivenTests" time="0.452">
    <system-out><![CDATA[HTTP/1.1 200 OK
Date: Mon, 30 Sep 2024 12:09:16 GMT
Content-Type: application/json
Transfer-Encoding: chunked
Connection: keep-alive
Access-Control-Allow-Origin: *
Access-Control-Allow-Methods: GET, POST, DELETE, PUT
Access-Control-Allow-Headers: Content-Type, api_key, Authorization
Server: Jetty(9.2.9.v20150224)

{
    "code": 200,
    "type": "unknown",
    "message": "9223372036854764217"
}
]]></system-out>
  </testcase>
  <testcase name="testPostUser[0, rambo34ewrwfasdas, juliet, Jones, mjones@example.com, mikepass, 555-123-4567](3)" classname="api.TestCases.DataDrivenTests" time="0.469">
    <system-out><![CDATA[HTTP/1.1 200 OK
Date: Mon, 30 Sep 2024 12:09:16 GMT
Content-Type: application/json
Transfer-Encoding: chunked
Connection: keep-alive
Access-Control-Allow-Origin: *
Access-Control-Allow-Methods: GET, POST, DELETE, PUT
Access-Control-Allow-Headers: Content-Type, api_key, Authorization
Server: Jetty(9.2.9.v20150224)

{
    "code": 200,
    "type": "unknown",
    "message": "9223372036854764218"
}
]]></system-out>
  </testcase>
  <testcase name="testDeleteUserByName[rambo1233fadd](1)" classname="api.TestCases.DataDrivenTests" time="0.449">
    <system-out><![CDATA[Attempting to delete user: rambo1233fadd
]]></system-out>
  </testcase>
  <testcase name="testDeleteUserByName[rambo23awerasdfasd](2)" classname="api.TestCases.DataDrivenTests" time="0.429">
    <system-out><![CDATA[Attempting to delete user: rambo23awerasdfasd
]]></system-out>
  </testcase>
  <testcase name="testDeleteUserByName[rambo34ewrwfasdas](3)" classname="api.TestCases.DataDrivenTests" time="0.436">
    <system-out><![CDATA[Attempting to delete user: rambo34ewrwfasdas
]]></system-out>
  </testcase>
</testsuite>