<?xml version="1.0" encoding="UTF-8"?>
<!-- Generated by org.testng.reporters.JUnitReportReporter -->
<testsuite hostname="Sunil-PC" failures="0" tests="6" name="api.TestCases.DataDrivenTests" time="2.831" errors="0" timestamp="2024-09-29T17:32:58 BST" skipped="0">
  <testcase classname="api.TestCases.DataDrivenTests" name="testPostUser" time="0.490"/>
  <testcase classname="api.TestCases.DataDrivenTests" name="testPostUser" time="0.463"/>
  <testcase classname="api.TestCases.DataDrivenTests" name="testPostUser" time="0.479"/>
  <testcase classname="api.TestCases.DataDrivenTests" name="testDeleteUserByName" time="0.475"/>
  <testcase classname="api.TestCases.DataDrivenTests" name="testDeleteUserByName" time="0.455"/>
  <testcase classname="api.TestCases.DataDrivenTests" name="testDeleteUserByName" time="0.469"/>
</testsuite> <!-- api.TestCases.DataDrivenTests -->
