<?xml version="1.0" encoding="UTF-8"?>
<!-- Generated by org.testng.reporters.JUnitReportReporter -->
<testsuite hostname="Sunil-PC" failures="0" tests="4" name="api.TestCases.UserTests" time="4.328" errors="0" timestamp="2024-09-29T14:56:39 BST" skipped="0">
  <testcase classname="api.TestCases.UserTests" name="testPostUser" time="2.567"/>
  <testcase classname="api.TestCases.UserTests" name="testGetUserByName" time="0.455"/>
  <testcase classname="api.TestCases.UserTests" name="testUpdateUserByName" time="0.877"/>
  <testcase classname="api.TestCases.UserTests" name="testdeleteUserByName" time="0.429"/>
</testsuite> <!-- api.TestCases.UserTests -->
