<?xml version="1.0" encoding="UTF-8"?>
<!-- Generated by org.testng.reporters.JUnitReportReporter -->
<testsuite hostname="Sunil-PC" failures="0" tests="4" name="api.TestCases.UserTests2" time="6.298" errors="0" timestamp="2024-09-29T17:32:58 BST" skipped="0">
  <testcase classname="api.TestCases.UserTests2" name="testPostUser" time="4.297"/>
  <testcase classname="api.TestCases.UserTests2" name="testGetUserByName" time="0.514"/>
  <testcase classname="api.TestCases.UserTests2" name="testUpdateUserByName" time="1.018"/>
  <testcase classname="api.TestCases.UserTests2" name="testdeleteUserByName" time="0.469"/>
</testsuite> <!-- api.TestCases.UserTests2 -->
