<?xml version="1.0" encoding="UTF-8"?>
<!-- Generated by org.testng.reporters.JUnitReportReporter -->
<testsuite hostname="Sunil-PC" failures="0" tests="4" name="api.TestCases.UserTests2" time="6.534" errors="0" timestamp="2024-09-30T13:09:19 BST" skipped="0">
  <testcase classname="api.TestCases.UserTests2" name="testPostUser" time="4.658"/>
  <testcase classname="api.TestCases.UserTests2" name="testGetUserByName" time="0.505"/>
  <testcase classname="api.TestCases.UserTests2" name="testUpdateUserByName" time="0.927"/>
  <testcase classname="api.TestCases.UserTests2" name="testdeleteUserByName" time="0.444"/>
</testsuite> <!-- api.TestCases.UserTests2 -->
