<?xml version="1.0" encoding="UTF-8"?>
<!-- Generated by org.testng.reporters.JUnitReportReporter -->
<testsuite hostname="Sunil-PC" failures="0" tests="6" name="api.TestCases.DataDrivenTests" time="2.672" errors="0" timestamp="2024-09-30T13:09:19 BST" skipped="0">
  <testcase classname="api.TestCases.DataDrivenTests" name="testPostUser" time="0.452"/>
  <testcase classname="api.TestCases.DataDrivenTests" name="testPostUser" time="0.453"/>
  <testcase classname="api.TestCases.DataDrivenTests" name="testPostUser" time="0.457"/>
  <testcase classname="api.TestCases.DataDrivenTests" name="testDeleteUserByName" time="0.434"/>
  <testcase classname="api.TestCases.DataDrivenTests" name="testDeleteUserByName" time="0.449"/>
  <testcase classname="api.TestCases.DataDrivenTests" name="testDeleteUserByName" time="0.427"/>
</testsuite> <!-- api.TestCases.DataDrivenTests -->
